<?xml version="1.0" encoding="UTF-8"?>
<testng-results ignored="0" total="1" passed="1" failed="0" skipped="0">
  <reporter-output>
  </reporter-output>
  <suite started-at="2025-07-12T17:07:41 IST" name="Suite" finished-at="2025-07-12T17:08:14 IST" duration-ms="32499">
    <groups>
    </groups>
    <test started-at="2025-07-12T17:07:41 IST" name="Test" finished-at="2025-07-12T17:08:14 IST" duration-ms="32499">
      <class name="com.urban.testfile.TC_002_AddtoCart">
        <test-method is-config="true" signature="setup(java.lang.String)[pri:0, instance:com.urban.testfile.TC_002_AddtoCart@233795b6]" started-at="2025-07-12T17:07:41 IST" name="setup" finished-at="2025-07-12T17:08:00 IST" duration-ms="18712" status="PASS">
          <params>
            <param index="0">
              <value>
                <![CDATA[chrome]]>
              </value>
            </param>
          </params>
          <reporter-output>
          </reporter-output>
        </test-method> <!-- setup -->
        <test-method signature="searchAndAddToCartTest()[pri:0, instance:com.urban.testfile.TC_002_AddtoCart@233795b6]" started-at="2025-07-12T17:08:00 IST" name="searchAndAddToCartTest" finished-at="2025-07-12T17:08:10 IST" duration-ms="10196" status="PASS">
          <reporter-output>
          </reporter-output>
        </test-method> <!-- searchAndAddToCartTest -->
        <test-method is-config="true" signature="teardown()[pri:0, instance:com.urban.testfile.TC_002_AddtoCart@233795b6]" started-at="2025-07-12T17:08:10 IST" name="teardown" finished-at="2025-07-12T17:08:14 IST" duration-ms="3555" status="PASS">
          <reporter-output>
          </reporter-output>
        </test-method> <!-- teardown -->
      </class> <!-- com.urban.testfile.TC_002_AddtoCart -->
    </test> <!-- Test -->
  </suite> <!-- Suite -->
</testng-results>
