<?xml version="1.0" encoding="UTF-8"?>
<testng-results ignored="0" total="1" passed="1" failed="0" skipped="0">
  <reporter-output>
  </reporter-output>
  <suite started-at="2025-07-13T19:42:45 IST" name="Suite" finished-at="2025-07-13T19:43:58 IST" duration-ms="72573">
    <groups>
      <group name="cucumber">
        <method signature="AbstractTestNGCucumberTests.runScenario(io.cucumber.testng.PickleWrapper,io.cucumber.testng.FeatureWrapper)[pri:0, instance:com.urban.testrunner.TestRunner@c6a6c1d]" name="runScenario" class="io.cucumber.testng.AbstractTestNGCucumberTests"/>
      </group> <!-- cucumber -->
    </groups>
    <test started-at="2025-07-13T19:42:45 IST" name="Test" finished-at="2025-07-13T19:43:58 IST" duration-ms="72573">
      <class name="com.urban.testrunner.TestRunner">
        <test-method is-config="true" signature="setUpClass(org.testng.ITestContext)[pri:0, instance:com.urban.testrunner.TestRunner@c6a6c1d]" started-at="2025-07-13T19:42:46 IST" name="setUpClass" finished-at="2025-07-13T19:42:49 IST" duration-ms="3431" status="PASS">
          <params>
            <param index="0">
              <value>
                <![CDATA[org.testng.TestRunner@4e53c6ef]]>
              </value>
            </param>
          </params>
          <reporter-output>
          </reporter-output>
        </test-method> <!-- setUpClass -->
        <test-method signature="runScenario(io.cucumber.testng.PickleWrapper,io.cucumber.testng.FeatureWrapper)[pri:0, instance:com.urban.testrunner.TestRunner@c6a6c1d]" started-at="2025-07-13T19:42:49 IST" name="runScenario" description="Runs Cucumber Scenarios" data-provider="scenarios" finished-at="2025-07-13T19:43:58 IST" duration-ms="68895" status="PASS">
          <params>
            <param index="0">
              <value>
                <![CDATA["Search and verify item in cart"]]>
              </value>
            </param>
            <param index="1">
              <value>
                <![CDATA["Add item to cart and verify item name and retrieve price"]]>
              </value>
            </param>
          </params>
          <reporter-output>
          </reporter-output>
        </test-method> <!-- runScenario -->
        <test-method is-config="true" signature="tearDownClass()[pri:0, instance:com.urban.testrunner.TestRunner@c6a6c1d]" started-at="2025-07-13T19:43:58 IST" name="tearDownClass" finished-at="2025-07-13T19:43:58 IST" duration-ms="65" status="PASS">
          <reporter-output>
          </reporter-output>
        </test-method> <!-- tearDownClass -->
      </class> <!-- com.urban.testrunner.TestRunner -->
    </test> <!-- Test -->
  </suite> <!-- Suite -->
</testng-results>
